#-----------------------------------------------------------
# Vivado v2018.3 (64-bit)
# SW Build 2405991 on Thu Dec  6 23:38:27 MST 2018
# IP Build 2404404 on Fri Dec  7 01:43:56 MST 2018
# Start of session at: Fri Apr 16 08:56:52 2021
# Process ID: 17720
# Current directory: C:/Users/Thomas/Documents/GitHub/TicTacToe/Zybo-Z7-10-HDMI-2018.2-2/vivado_proj
# Command line: vivado.exe -gui_launcher_event rodinguilauncherevent10380 C:\Users\Thomas\Documents\GitHub\TicTacToe\Zybo-Z7-10-HDMI-2018.2-2\vivado_proj\zybo-z7-10-hdmi.xpr
# Log file: C:/Users/Thomas/Documents/GitHub/TicTacToe/Zybo-Z7-10-HDMI-2018.2-2/vivado_proj/vivado.log
# Journal file: C:/Users/Thomas/Documents/GitHub/TicTacToe/Zybo-Z7-10-HDMI-2018.2-2/vivado_proj\vivado.jou
#-----------------------------------------------------------
start_gui
open_project C:/Users/Thomas/Documents/GitHub/TicTacToe/Zybo-Z7-10-HDMI-2018.2-2/vivado_proj/zybo-z7-10-hdmi.xpr
Scanning sources...
Finished scanning sources
INFO: [IP_Flow 19-234] Refreshing IP repositories
INFO: [IP_Flow 19-1700] Loaded user IP repository 'c:/Users/Thomas/Documents/GitHub/TicTacToe/Zybo-Z7-10-HDMI-2018.2-2/vivado_proj/zybo-z7-10-hdmi.ipdefs/vivado-library_0'.
INFO: [IP_Flow 19-2313] Loaded Vivado IP repository 'C:/Xilinx/Vivado/2018.3/data/ip'.
open_project: Time (s): cpu = 00:00:19 ; elapsed = 00:00:17 . Memory (MB): peak = 867.027 ; gain = 209.723
update_compile_order -fileset sources_1
INFO: [Vivado 12-4158] Exported Hardware file is out of date. Exported hardware information may be inconsistent with respect to the current state of the design. It is recommended that you re-export the design and launch SDK otherwise SDK is launched with out of date hardware system file.
launch_sdk -workspace C:/Users/Thomas/Documents/GitHub/TicTacToe/Zybo-Z7-10-HDMI-2018.2-2/vivado_proj/zybo-z7-10-hdmi.sdk -hwspec C:/Users/Thomas/Documents/GitHub/TicTacToe/Zybo-Z7-10-HDMI-2018.2-2/vivado_proj/zybo-z7-10-hdmi.sdk/design_1_wrapper.hdf
INFO: [Vivado 12-393] Launching SDK...
INFO: [Vivado 12-417] Running xsdk -workspace C:/Users/Thomas/Documents/GitHub/TicTacToe/Zybo-Z7-10-HDMI-2018.2-2/vivado_proj/zybo-z7-10-hdmi.sdk -hwspec C:/Users/Thomas/Documents/GitHub/TicTacToe/Zybo-Z7-10-HDMI-2018.2-2/vivado_proj/zybo-z7-10-hdmi.sdk/design_1_wrapper.hdf
INFO: [Vivado 12-3157] SDK launch initiated. Please check console for any further messages.
exit
INFO: [Common 17-206] Exiting Vivado at Fri Apr 16 09:29:35 2021...
