#-----------------------------------------------------------
# Vivado v2018.3 (64-bit)
# SW Build 2405991 on Thu Dec  6 23:38:27 MST 2018
# IP Build 2404404 on Fri Dec  7 01:43:56 MST 2018
# Start of session at: Tue Apr  6 10:47:35 2021
# Process ID: 9044
# Current directory: C:/Users/Thomas/Documents/GitHub/TicTacToe/Zybo-Z7-10-HDMI-2018.2-2/vivado_proj
# Command line: vivado.exe -gui_launcher_event rodinguilauncherevent15620 C:\Users\Thomas\Documents\GitHub\TicTacToe\Zybo-Z7-10-HDMI-2018.2-2\vivado_proj\zybo-z7-10-hdmi.xpr
# Log file: C:/Users/Thomas/Documents/GitHub/TicTacToe/Zybo-Z7-10-HDMI-2018.2-2/vivado_proj/vivado.log
# Journal file: C:/Users/Thomas/Documents/GitHub/TicTacToe/Zybo-Z7-10-HDMI-2018.2-2/vivado_proj\vivado.jou
#-----------------------------------------------------------
start_gui
open_project C:/Users/Thomas/Documents/GitHub/TicTacToe/Zybo-Z7-10-HDMI-2018.2-2/vivado_proj/zybo-z7-10-hdmi.xpr
INFO: [Project 1-313] Project file moved from 'C:/Users/Thomas/Desktop/Zybo-Z7-10-HDMI-2018.2-2/vivado_proj' since last save.
Scanning sources...
Finished scanning sources
INFO: [IP_Flow 19-234] Refreshing IP repositories
INFO: [IP_Flow 19-1700] Loaded user IP repository 'c:/Users/Thomas/Documents/GitHub/TicTacToe/Zybo-Z7-10-HDMI-2018.2-2/vivado_proj/zybo-z7-10-hdmi.ipdefs/vivado-library_0'.
INFO: [IP_Flow 19-2313] Loaded Vivado IP repository 'C:/Xilinx/Vivado/2018.3/data/ip'.
open_project: Time (s): cpu = 00:00:20 ; elapsed = 00:00:19 . Memory (MB): peak = 937.039 ; gain = 266.629
update_compile_order -fileset sources_1
open_bd_design {C:/Users/Thomas/Documents/GitHub/TicTacToe/Zybo-Z7-10-HDMI-2018.2-2/vivado_proj/zybo-z7-10-hdmi.srcs/sources_1/bd/design_1/design_1.bd}
Adding cell -- digilentinc.com:ip:axi_dynclk:1.0 - axi_dynclk_0
Adding cell -- xilinx.com:ip:processing_system7:5.5 - processing_system7_0
Adding cell -- digilentinc.com:ip:rgb2dvi:1.4 - rgb2dvi_1
Adding cell -- xilinx.com:ip:xlconcat:2.1 - xlconcat_0
Adding cell -- xilinx.com:ip:axi_gpio:2.0 - axi_gpio_video
Adding cell -- xilinx.com:ip:axi_interconnect:2.1 - axi_interconnect_gp0
Adding cell -- xilinx.com:ip:axi_crossbar:2.1 - xbar
Adding cell -- xilinx.com:ip:axi_protocol_converter:2.1 - auto_pc
Adding cell -- xilinx.com:ip:axi_interconnect:2.1 - axi_interconnect_hp0
Adding cell -- xilinx.com:ip:axi_crossbar:2.1 - xbar
Adding cell -- xilinx.com:ip:axi_register_slice:2.1 - s00_regslice
Adding cell -- xilinx.com:ip:axi_register_slice:2.1 - s01_regslice
Adding cell -- xilinx.com:ip:axi_register_slice:2.1 - m00_regslice
Adding cell -- xilinx.com:ip:axi_protocol_converter:2.1 - auto_pc
Adding cell -- xilinx.com:ip:axi_vdma:6.3 - axi_vdma_0
Adding cell -- xilinx.com:ip:axis_subset_converter:1.1 - axis_subset_converter_in
Adding cell -- xilinx.com:ip:axis_subset_converter:1.1 - axis_subset_converter_out
Adding cell -- digilentinc.com:ip:dvi2rgb:2.0 - dvi2rgb_0
Adding cell -- xilinx.com:ip:proc_sys_reset:5.0 - proc_sys_reset_0
Adding cell -- xilinx.com:ip:proc_sys_reset:5.0 - proc_sys_reset_fclk0
Adding cell -- xilinx.com:ip:proc_sys_reset:5.0 - proc_sys_reset_fclk1
Adding cell -- xilinx.com:ip:xlconstant:1.1 - subset_converter_reset
Adding cell -- xilinx.com:ip:v_axi4s_vid_out:4.0 - v_axi4s_vid_out_0
Adding cell -- xilinx.com:ip:v_tc:6.1 - v_tc_in
Adding cell -- xilinx.com:ip:v_tc:6.1 - v_tc_out
Adding cell -- xilinx.com:ip:v_vid_in_axi4s:4.0 - v_vid_in_axi4s_0
WARNING: [BD 41-1731] Type mismatch between connected pins: /axi_dynclk_0/LOCKED_O(undef) and /rgb2dvi_1/aRst_n(rst)
WARNING: [BD 41-1731] Type mismatch between connected pins: /dvi2rgb_0/pLocked(undef) and /proc_sys_reset_0/aux_reset_in(rst)
Successfully read diagram <design_1> from BD file <C:/Users/Thomas/Documents/GitHub/TicTacToe/Zybo-Z7-10-HDMI-2018.2-2/vivado_proj/zybo-z7-10-hdmi.srcs/sources_1/bd/design_1/design_1.bd>
open_bd_design: Time (s): cpu = 00:00:12 ; elapsed = 00:00:12 . Memory (MB): peak = 1921.031 ; gain = 8.039
reset_run synth_1
reset_run design_1_xlconcat_0_0_synth_1
launch_runs impl_1 -to_step write_bitstream -jobs 8
[Tue Apr  6 10:49:14 2021] Launched design_1_xlconcat_0_0_synth_1, synth_1...
Run output will be captured here:
design_1_xlconcat_0_0_synth_1: C:/Users/Thomas/Documents/GitHub/TicTacToe/Zybo-Z7-10-HDMI-2018.2-2/vivado_proj/zybo-z7-10-hdmi.runs/design_1_xlconcat_0_0_synth_1/runme.log
synth_1: C:/Users/Thomas/Documents/GitHub/TicTacToe/Zybo-Z7-10-HDMI-2018.2-2/vivado_proj/zybo-z7-10-hdmi.runs/synth_1/runme.log
[Tue Apr  6 10:49:15 2021] Launched impl_1...
Run output will be captured here: C:/Users/Thomas/Documents/GitHub/TicTacToe/Zybo-Z7-10-HDMI-2018.2-2/vivado_proj/zybo-z7-10-hdmi.runs/impl_1/runme.log
file copy -force C:/Users/Thomas/Documents/GitHub/TicTacToe/Zybo-Z7-10-HDMI-2018.2-2/vivado_proj/zybo-z7-10-hdmi.runs/impl_1/design_1_wrapper.sysdef C:/Users/Thomas/Documents/GitHub/TicTacToe/Zybo-Z7-10-HDMI-2018.2-2/vivado_proj/zybo-z7-10-hdmi.sdk/design_1_wrapper.hdf

launch_sdk -workspace C:/Users/Thomas/Documents/GitHub/TicTacToe/Zybo-Z7-10-HDMI-2018.2-2/vivado_proj/zybo-z7-10-hdmi.sdk -hwspec C:/Users/Thomas/Documents/GitHub/TicTacToe/Zybo-Z7-10-HDMI-2018.2-2/vivado_proj/zybo-z7-10-hdmi.sdk/design_1_wrapper.hdf
INFO: [Vivado 12-393] Launching SDK...
INFO: [Vivado 12-417] Running xsdk -workspace C:/Users/Thomas/Documents/GitHub/TicTacToe/Zybo-Z7-10-HDMI-2018.2-2/vivado_proj/zybo-z7-10-hdmi.sdk -hwspec C:/Users/Thomas/Documents/GitHub/TicTacToe/Zybo-Z7-10-HDMI-2018.2-2/vivado_proj/zybo-z7-10-hdmi.sdk/design_1_wrapper.hdf
INFO: [Vivado 12-3157] SDK launch initiated. Please check console for any further messages.
exit
INFO: [Common 17-206] Exiting Vivado at Tue Apr  6 12:13:19 2021...
