#-----------------------------------------------------------
# Webtalk v2018.3 (64-bit)
# SW Build 2405991 on Thu Dec  6 23:38:27 MST 2018
# 
# Start of session at: Thu May  6 12:29:52 2021
# Process ID: 8056
# Current directory: C:/Users/Thomas/Documents/GitHub/TicTacToe/Zybo-Z7-10-HDMI-2018.2-2/vivado_proj/zybo-z7-10-hdmi.sdk/webtalk
# Command line: wbtcv.exe -mode batch -source sdk_webtalk.tcl
# Log file: C:/Users/Thomas/Documents/GitHub/TicTacToe/Zybo-Z7-10-HDMI-2018.2-2/vivado_proj/zybo-z7-10-hdmi.sdk/webtalk/webtalk.log
# Journal file: C:/Users/Thomas/Documents/GitHub/TicTacToe/Zybo-Z7-10-HDMI-2018.2-2/vivado_proj/zybo-z7-10-hdmi.sdk/webtalk\webtalk.jou
#-----------------------------------------------------------
source sdk_webtalk.tcl
# webtalk_init -webtalk_dir C:\\Users\\Thomas\\Documents\\GitHub\\TicTacToe\\Zybo-Z7-10-HDMI-2018.2-2\\vivado_proj\\zybo-z7-10-hdmi.sdk\\webtalk
# webtalk_register_client -client project
# webtalk_add_data -client project -key date_generated -value "2021-05-06 12:29:51" -context "software_version_and_target_device"
# webtalk_add_data -client project -key product_version -value "SDK v2018.3" -context "software_version_and_target_device"
# webtalk_add_data -client project -key build_version -value "2018.3" -context "software_version_and_target_device"
# webtalk_add_data -client project -key os_platform -value "amd64" -context "software_version_and_target_device"
# webtalk_add_data -client project -key registration_id -value "174166057_174166058_210737082_507" -context "software_version_and_target_device"
# webtalk_add_data -client project -key tool_flow -value "SDK" -context "software_version_and_target_device"
# webtalk_add_data -client project -key beta -value "false" -context "software_version_and_target_device"
# webtalk_add_data -client project -key route_design -value "NA" -context "software_version_and_target_device"
# webtalk_add_data -client project -key target_family -value "NA" -context "software_version_and_target_device"
# webtalk_add_data -client project -key target_device -value "NA" -context "software_version_and_target_device"
# webtalk_add_data -client project -key target_package -value "NA" -context "software_version_and_target_device"
# webtalk_add_data -client project -key target_speed -value "NA" -context "software_version_and_target_device"
# webtalk_add_data -client project -key random_id -value "8h8af3oenjlkiu39dvhjtgn1ea" -context "software_version_and_target_device"
# webtalk_add_data -client project -key project_id -value "2018.3_28" -context "software_version_and_target_device"
# webtalk_add_data -client project -key project_iteration -value "28" -context "software_version_and_target_device"
# webtalk_add_data -client project -key os_name -value "Microsoft Windows 8 or later , 64-bit" -context "user_environment"
# webtalk_add_data -client project -key os_release -value "major release  (build 9200)" -context "user_environment"
# webtalk_add_data -client project -key cpu_name -value "AMD Ryzen 7 2700X Eight-Core Processor         " -context "user_environment"
# webtalk_add_data -client project -key cpu_speed -value "3693 MHz" -context "user_environment"
# webtalk_add_data -client project -key total_processors -value "1" -context "user_environment"
# webtalk_add_data -client project -key system_ram -value "34.287 GB" -context "user_environment"
# webtalk_register_client -client sdk
# webtalk_add_data -client sdk -key uid -value "1620328911360" -context "sdk\\\\bsp/1620328911360"
# webtalk_add_data -client sdk -key hwid -value "1618360562383" -context "sdk\\\\bsp/1620328911360"
# webtalk_add_data -client sdk -key os -value "standalone" -context "sdk\\\\bsp/1620328911360"
# webtalk_add_data -client sdk -key apptemplate -value "zynq_fsbl" -context "sdk\\\\bsp/1620328911360"
# webtalk_add_data -client sdk -key RecordType -value "BSPCreation" -context "sdk\\\\bsp/1620328911360"
# webtalk_add_data -client sdk -key uid -value "1620328921569" -context "sdk\\\\application/1620328921569"
# webtalk_add_data -client sdk -key hwid -value "1618360562383" -context "sdk\\\\application/1620328921569"
# webtalk_add_data -client sdk -key bspid -value "1620328911360" -context "sdk\\\\application/1620328921569"
# webtalk_add_data -client sdk -key newbsp -value "true" -context "sdk\\\\application/1620328921569"
# webtalk_add_data -client sdk -key os -value "standalone" -context "sdk\\\\application/1620328921569"
# webtalk_add_data -client sdk -key apptemplate -value "zynq_fsbl" -context "sdk\\\\application/1620328921569"
# webtalk_add_data -client sdk -key RecordType -value "APPCreation" -context "sdk\\\\application/1620328921569"
# webtalk_add_data -client sdk -key LangUsed -value "C" -context "sdk\\\\application/1620328921569"
# webtalk_add_data -client sdk -key Procused -value "ps7_cortexa9" -context "sdk\\\\application/1620328921569"
# webtalk_add_data -client sdk -key projSize -value "599.625" -context "sdk\\\\application/1620328921569"
# webtalk_add_data -client sdk -key uid -value "NA" -context "sdk\\\\bsp/1620329391587"
# webtalk_add_data -client sdk -key RecordType -value "ToolUsage" -context "sdk\\\\bsp/1620329391587"
# webtalk_add_data -client sdk -key BootgenCount -value "3" -context "sdk\\\\bsp/1620329391587"
# webtalk_add_data -client sdk -key DebugCount -value "0" -context "sdk\\\\bsp/1620329391587"
# webtalk_add_data -client sdk -key PerfCount -value "0" -context "sdk\\\\bsp/1620329391587"
# webtalk_add_data -client sdk -key FlashCount -value "0" -context "sdk\\\\bsp/1620329391587"
# webtalk_add_data -client sdk -key CrossTriggCount -value "0" -context "sdk\\\\bsp/1620329391587"
# webtalk_add_data -client sdk -key QemuDebugCount -value "0" -context "sdk\\\\bsp/1620329391587"
# webtalk_transmit -clientid 1508118380 -regid "174166057_174166058_210737082_507" -xml C:\\Users\\Thomas\\Documents\\GitHub\\TicTacToe\\Zybo-Z7-10-HDMI-2018.2-2\\vivado_proj\\zybo-z7-10-hdmi.sdk\\webtalk\\usage_statistics_ext_sdk.xml -html C:\\Users\\Thomas\\Documents\\GitHub\\TicTacToe\\Zybo-Z7-10-HDMI-2018.2-2\\vivado_proj\\zybo-z7-10-hdmi.sdk\\webtalk\\usage_statistics_ext_sdk.html -wdm C:\\Users\\Thomas\\Documents\\GitHub\\TicTacToe\\Zybo-Z7-10-HDMI-2018.2-2\\vivado_proj\\zybo-z7-10-hdmi.sdk\\webtalk\\sdk_webtalk.wdm -intro "<H3>SDK Usage Report</H3><BR>"
# webtalk_terminate
INFO: [Common 17-206] Exiting Webtalk at Thu May  6 12:29:55 2021...
