17:14:39 INFO  : Registering command handlers for SDK TCF services
17:14:40 INFO  : Launching XSCT server: xsct.bat -interactive C:\Users\Thomas\Desktop\Zybo-Z7-10-HDMI-2018.2-2\vivado_proj\zybo-z7-10-hdmi.sdk\temp_xsdb_launch_script.tcl
17:14:43 INFO  : XSCT server has started successfully.
17:14:43 INFO  : Successfully done setting XSCT server connection channel  
17:14:46 INFO  : Processing command line option -hwspec C:/Users/Thomas/Desktop/Zybo-Z7-10-HDMI-2018.2-2/vivado_proj/zybo-z7-10-hdmi.sdk/design_1_wrapper.hdf.
17:14:46 INFO  : Successfully done setting SDK workspace  
17:16:19 INFO  : Connected to target on host '127.0.0.1' and port '3121'.
17:16:19 INFO  : 'targets -set -filter {jtag_cable_name =~ "Digilent Zybo Z7 210351AB7374A" && level==0} -index 1' command is executed.
17:16:20 INFO  : FPGA configured successfully with bitstream "C:/Users/Thomas/Desktop/Zybo-Z7-10-HDMI-2018.2-2/vivado_proj/zybo-z7-10-hdmi.sdk/design_1_wrapper_hw_platform_0/design_1_wrapper.bit"
17:16:28 INFO  : 'targets -set -filter {jtag_cable_name =~ "Digilent Zybo Z7 210351AB7374A" && level==0} -index 1' command is executed.
17:16:28 INFO  : 'fpga -state' command is executed.
17:16:28 INFO  : Connected to target on host '127.0.0.1' and port '3121'.
17:16:29 INFO  : Jtag cable 'Digilent Zybo Z7 210351AB7374A' is selected.
17:16:29 INFO  : 'jtag frequency' command is executed.
17:16:29 INFO  : Sourcing of 'C:/Users/Thomas/Desktop/Zybo-Z7-10-HDMI-2018.2-2/vivado_proj/zybo-z7-10-hdmi.sdk/design_1_wrapper_hw_platform_0/ps7_init.tcl' is done.
17:16:29 INFO  : Context for 'APU' is selected.
17:16:29 INFO  : Hardware design information is loaded from 'C:/Users/Thomas/Desktop/Zybo-Z7-10-HDMI-2018.2-2/vivado_proj/zybo-z7-10-hdmi.sdk/design_1_wrapper_hw_platform_0/system.hdf'.
17:16:29 INFO  : 'configparams force-mem-access 1' command is executed.
17:16:29 INFO  : Context for 'APU' is selected.
17:16:29 INFO  : 'stop' command is executed.
17:16:29 INFO  : 'ps7_init' command is executed.
17:16:29 INFO  : 'ps7_post_config' command is executed.
17:16:29 INFO  : Context for processor 'ps7_cortexa9_0' is selected.
17:16:30 INFO  : Processor reset is completed for 'ps7_cortexa9_0'.
17:16:30 INFO  : Context for processor 'ps7_cortexa9_0' is selected.
17:16:30 INFO  : The application 'C:/Users/Thomas/Desktop/Zybo-Z7-10-HDMI-2018.2-2/vivado_proj/zybo-z7-10-hdmi.sdk/Zybo-Z7-10-HDMI/Debug/Zybo-Z7-10-HDMI.elf' is downloaded to processor 'ps7_cortexa9_0'.
17:16:30 INFO  : 'configparams force-mem-access 0' command is executed.
17:16:30 INFO  : ----------------XSDB Script----------------
connect -url tcp:127.0.0.1:3121
source C:/Users/Thomas/Desktop/Zybo-Z7-10-HDMI-2018.2-2/vivado_proj/zybo-z7-10-hdmi.sdk/design_1_wrapper_hw_platform_0/ps7_init.tcl
targets -set -nocase -filter {name =~"APU*" && jtag_cable_name =~ "Digilent Zybo Z7 210351AB7374A"} -index 0
loadhw -hw C:/Users/Thomas/Desktop/Zybo-Z7-10-HDMI-2018.2-2/vivado_proj/zybo-z7-10-hdmi.sdk/design_1_wrapper_hw_platform_0/system.hdf -mem-ranges [list {0x40000000 0xbfffffff}]
configparams force-mem-access 1
targets -set -nocase -filter {name =~"APU*" && jtag_cable_name =~ "Digilent Zybo Z7 210351AB7374A"} -index 0
stop
ps7_init
ps7_post_config
targets -set -nocase -filter {name =~ "ARM*#0" && jtag_cable_name =~ "Digilent Zybo Z7 210351AB7374A"} -index 0
rst -processor
targets -set -nocase -filter {name =~ "ARM*#0" && jtag_cable_name =~ "Digilent Zybo Z7 210351AB7374A"} -index 0
dow C:/Users/Thomas/Desktop/Zybo-Z7-10-HDMI-2018.2-2/vivado_proj/zybo-z7-10-hdmi.sdk/Zybo-Z7-10-HDMI/Debug/Zybo-Z7-10-HDMI.elf
configparams force-mem-access 0
----------------End of Script----------------

17:16:30 INFO  : Memory regions updated for context APU
17:16:30 INFO  : Context for processor 'ps7_cortexa9_0' is selected.
17:16:30 INFO  : 'con' command is executed.
17:16:30 INFO  : ----------------XSDB Script (After Launch)----------------
targets -set -nocase -filter {name =~ "ARM*#0" && jtag_cable_name =~ "Digilent Zybo Z7 210351AB7374A"} -index 0
con
----------------End of Script----------------

17:16:30 INFO  : Launch script is exported to file 'C:\Users\Thomas\Desktop\Zybo-Z7-10-HDMI-2018.2-2\vivado_proj\zybo-z7-10-hdmi.sdk\.sdk\launch_scripts\xilinx_c-c++_application_(system_debugger)\system_debugger_using_debug_zybo-z7-10-hdmi.elf_on_local.tcl'
17:22:33 INFO  : Disconnected from the channel tcfchan#1.
17:22:34 INFO  : 'targets -set -filter {jtag_cable_name =~ "Digilent Zybo Z7 210351AB7374A" && level==0} -index 1' command is executed.
17:22:34 INFO  : 'fpga -state' command is executed.
17:22:34 INFO  : Connected to target on host '127.0.0.1' and port '3121'.
17:22:35 INFO  : Jtag cable 'Digilent Zybo Z7 210351AB7374A' is selected.
17:22:35 INFO  : 'jtag frequency' command is executed.
17:22:35 INFO  : Sourcing of 'C:/Users/Thomas/Desktop/Zybo-Z7-10-HDMI-2018.2-2/vivado_proj/zybo-z7-10-hdmi.sdk/design_1_wrapper_hw_platform_0/ps7_init.tcl' is done.
17:22:35 INFO  : Context for 'APU' is selected.
17:22:38 INFO  : Hardware design information is loaded from 'C:/Users/Thomas/Desktop/Zybo-Z7-10-HDMI-2018.2-2/vivado_proj/zybo-z7-10-hdmi.sdk/design_1_wrapper_hw_platform_0/system.hdf'.
17:22:38 INFO  : 'configparams force-mem-access 1' command is executed.
17:22:38 INFO  : Context for 'APU' is selected.
17:22:38 INFO  : 'stop' command is executed.
17:22:38 INFO  : 'ps7_init' command is executed.
17:22:38 INFO  : 'ps7_post_config' command is executed.
17:22:38 INFO  : Context for processor 'ps7_cortexa9_0' is selected.
17:22:38 INFO  : Processor reset is completed for 'ps7_cortexa9_0'.
17:22:38 INFO  : Context for processor 'ps7_cortexa9_0' is selected.
17:22:38 INFO  : The application 'C:/Users/Thomas/Desktop/Zybo-Z7-10-HDMI-2018.2-2/vivado_proj/zybo-z7-10-hdmi.sdk/Zybo-Z7-10-HDMI/Debug/Zybo-Z7-10-HDMI.elf' is downloaded to processor 'ps7_cortexa9_0'.
17:22:39 INFO  : 'configparams force-mem-access 0' command is executed.
17:22:39 INFO  : ----------------XSDB Script----------------
connect -url tcp:127.0.0.1:3121
source C:/Users/Thomas/Desktop/Zybo-Z7-10-HDMI-2018.2-2/vivado_proj/zybo-z7-10-hdmi.sdk/design_1_wrapper_hw_platform_0/ps7_init.tcl
targets -set -nocase -filter {name =~"APU*" && jtag_cable_name =~ "Digilent Zybo Z7 210351AB7374A"} -index 0
loadhw -hw C:/Users/Thomas/Desktop/Zybo-Z7-10-HDMI-2018.2-2/vivado_proj/zybo-z7-10-hdmi.sdk/design_1_wrapper_hw_platform_0/system.hdf -mem-ranges [list {0x40000000 0xbfffffff}]
configparams force-mem-access 1
targets -set -nocase -filter {name =~"APU*" && jtag_cable_name =~ "Digilent Zybo Z7 210351AB7374A"} -index 0
stop
ps7_init
ps7_post_config
targets -set -nocase -filter {name =~ "ARM*#0" && jtag_cable_name =~ "Digilent Zybo Z7 210351AB7374A"} -index 0
rst -processor
targets -set -nocase -filter {name =~ "ARM*#0" && jtag_cable_name =~ "Digilent Zybo Z7 210351AB7374A"} -index 0
dow C:/Users/Thomas/Desktop/Zybo-Z7-10-HDMI-2018.2-2/vivado_proj/zybo-z7-10-hdmi.sdk/Zybo-Z7-10-HDMI/Debug/Zybo-Z7-10-HDMI.elf
configparams force-mem-access 0
----------------End of Script----------------

17:22:39 INFO  : Memory regions updated for context APU
17:22:39 INFO  : Context for processor 'ps7_cortexa9_0' is selected.
17:22:39 INFO  : 'con' command is executed.
17:22:39 INFO  : ----------------XSDB Script (After Launch)----------------
targets -set -nocase -filter {name =~ "ARM*#0" && jtag_cable_name =~ "Digilent Zybo Z7 210351AB7374A"} -index 0
con
----------------End of Script----------------

17:22:39 INFO  : Launch script is exported to file 'C:\Users\Thomas\Desktop\Zybo-Z7-10-HDMI-2018.2-2\vivado_proj\zybo-z7-10-hdmi.sdk\.sdk\launch_scripts\xilinx_c-c++_application_(system_debugger)\system_debugger_using_debug_zybo-z7-10-hdmi.elf_on_local.tcl'
17:23:16 INFO  : Disconnected from the channel tcfchan#2.
17:23:17 INFO  : 'targets -set -filter {jtag_cable_name =~ "Digilent Zybo Z7 210351AB7374A" && level==0} -index 1' command is executed.
17:23:17 INFO  : 'fpga -state' command is executed.
17:23:17 INFO  : Connected to target on host '127.0.0.1' and port '3121'.
17:23:18 INFO  : Jtag cable 'Digilent Zybo Z7 210351AB7374A' is selected.
17:23:18 INFO  : 'jtag frequency' command is executed.
17:23:18 INFO  : Sourcing of 'C:/Users/Thomas/Desktop/Zybo-Z7-10-HDMI-2018.2-2/vivado_proj/zybo-z7-10-hdmi.sdk/design_1_wrapper_hw_platform_0/ps7_init.tcl' is done.
17:23:18 INFO  : Context for 'APU' is selected.
17:23:21 INFO  : Hardware design information is loaded from 'C:/Users/Thomas/Desktop/Zybo-Z7-10-HDMI-2018.2-2/vivado_proj/zybo-z7-10-hdmi.sdk/design_1_wrapper_hw_platform_0/system.hdf'.
17:23:21 INFO  : 'configparams force-mem-access 1' command is executed.
17:23:21 INFO  : Context for 'APU' is selected.
17:23:21 INFO  : 'stop' command is executed.
17:23:21 INFO  : 'ps7_init' command is executed.
17:23:21 INFO  : 'ps7_post_config' command is executed.
17:23:21 INFO  : Context for processor 'ps7_cortexa9_0' is selected.
17:23:21 INFO  : Processor reset is completed for 'ps7_cortexa9_0'.
17:23:21 INFO  : Context for processor 'ps7_cortexa9_0' is selected.
17:23:21 INFO  : The application 'C:/Users/Thomas/Desktop/Zybo-Z7-10-HDMI-2018.2-2/vivado_proj/zybo-z7-10-hdmi.sdk/Zybo-Z7-10-HDMI/Debug/Zybo-Z7-10-HDMI.elf' is downloaded to processor 'ps7_cortexa9_0'.
17:23:22 INFO  : 'configparams force-mem-access 0' command is executed.
17:23:22 INFO  : ----------------XSDB Script----------------
connect -url tcp:127.0.0.1:3121
source C:/Users/Thomas/Desktop/Zybo-Z7-10-HDMI-2018.2-2/vivado_proj/zybo-z7-10-hdmi.sdk/design_1_wrapper_hw_platform_0/ps7_init.tcl
targets -set -nocase -filter {name =~"APU*" && jtag_cable_name =~ "Digilent Zybo Z7 210351AB7374A"} -index 0
loadhw -hw C:/Users/Thomas/Desktop/Zybo-Z7-10-HDMI-2018.2-2/vivado_proj/zybo-z7-10-hdmi.sdk/design_1_wrapper_hw_platform_0/system.hdf -mem-ranges [list {0x40000000 0xbfffffff}]
configparams force-mem-access 1
targets -set -nocase -filter {name =~"APU*" && jtag_cable_name =~ "Digilent Zybo Z7 210351AB7374A"} -index 0
stop
ps7_init
ps7_post_config
targets -set -nocase -filter {name =~ "ARM*#0" && jtag_cable_name =~ "Digilent Zybo Z7 210351AB7374A"} -index 0
rst -processor
targets -set -nocase -filter {name =~ "ARM*#0" && jtag_cable_name =~ "Digilent Zybo Z7 210351AB7374A"} -index 0
dow C:/Users/Thomas/Desktop/Zybo-Z7-10-HDMI-2018.2-2/vivado_proj/zybo-z7-10-hdmi.sdk/Zybo-Z7-10-HDMI/Debug/Zybo-Z7-10-HDMI.elf
configparams force-mem-access 0
----------------End of Script----------------

17:23:22 INFO  : Memory regions updated for context APU
17:23:22 INFO  : Context for processor 'ps7_cortexa9_0' is selected.
17:23:22 INFO  : 'con' command is executed.
17:23:22 INFO  : ----------------XSDB Script (After Launch)----------------
targets -set -nocase -filter {name =~ "ARM*#0" && jtag_cable_name =~ "Digilent Zybo Z7 210351AB7374A"} -index 0
con
----------------End of Script----------------

17:23:22 INFO  : Launch script is exported to file 'C:\Users\Thomas\Desktop\Zybo-Z7-10-HDMI-2018.2-2\vivado_proj\zybo-z7-10-hdmi.sdk\.sdk\launch_scripts\xilinx_c-c++_application_(system_debugger)\system_debugger_using_debug_zybo-z7-10-hdmi.elf_on_local.tcl'
17:23:58 INFO  : Disconnected from the channel tcfchan#3.
17:23:59 INFO  : 'targets -set -filter {jtag_cable_name =~ "Digilent Zybo Z7 210351AB7374A" && level==0} -index 1' command is executed.
17:23:59 INFO  : 'fpga -state' command is executed.
17:23:59 INFO  : Connected to target on host '127.0.0.1' and port '3121'.
17:24:00 INFO  : Jtag cable 'Digilent Zybo Z7 210351AB7374A' is selected.
17:24:00 INFO  : 'jtag frequency' command is executed.
17:24:00 INFO  : Sourcing of 'C:/Users/Thomas/Desktop/Zybo-Z7-10-HDMI-2018.2-2/vivado_proj/zybo-z7-10-hdmi.sdk/design_1_wrapper_hw_platform_0/ps7_init.tcl' is done.
17:24:00 INFO  : Context for 'APU' is selected.
17:24:03 INFO  : Hardware design information is loaded from 'C:/Users/Thomas/Desktop/Zybo-Z7-10-HDMI-2018.2-2/vivado_proj/zybo-z7-10-hdmi.sdk/design_1_wrapper_hw_platform_0/system.hdf'.
17:24:03 INFO  : 'configparams force-mem-access 1' command is executed.
17:24:03 INFO  : Context for 'APU' is selected.
17:24:03 INFO  : 'stop' command is executed.
17:24:03 INFO  : 'ps7_init' command is executed.
17:24:03 INFO  : 'ps7_post_config' command is executed.
17:24:03 INFO  : Context for processor 'ps7_cortexa9_0' is selected.
17:24:03 INFO  : Processor reset is completed for 'ps7_cortexa9_0'.
17:24:03 INFO  : Context for processor 'ps7_cortexa9_0' is selected.
17:24:03 INFO  : The application 'C:/Users/Thomas/Desktop/Zybo-Z7-10-HDMI-2018.2-2/vivado_proj/zybo-z7-10-hdmi.sdk/Zybo-Z7-10-HDMI/Debug/Zybo-Z7-10-HDMI.elf' is downloaded to processor 'ps7_cortexa9_0'.
17:24:03 INFO  : 'configparams force-mem-access 0' command is executed.
17:24:03 INFO  : ----------------XSDB Script----------------
connect -url tcp:127.0.0.1:3121
source C:/Users/Thomas/Desktop/Zybo-Z7-10-HDMI-2018.2-2/vivado_proj/zybo-z7-10-hdmi.sdk/design_1_wrapper_hw_platform_0/ps7_init.tcl
targets -set -nocase -filter {name =~"APU*" && jtag_cable_name =~ "Digilent Zybo Z7 210351AB7374A"} -index 0
loadhw -hw C:/Users/Thomas/Desktop/Zybo-Z7-10-HDMI-2018.2-2/vivado_proj/zybo-z7-10-hdmi.sdk/design_1_wrapper_hw_platform_0/system.hdf -mem-ranges [list {0x40000000 0xbfffffff}]
configparams force-mem-access 1
targets -set -nocase -filter {name =~"APU*" && jtag_cable_name =~ "Digilent Zybo Z7 210351AB7374A"} -index 0
stop
ps7_init
ps7_post_config
targets -set -nocase -filter {name =~ "ARM*#0" && jtag_cable_name =~ "Digilent Zybo Z7 210351AB7374A"} -index 0
rst -processor
targets -set -nocase -filter {name =~ "ARM*#0" && jtag_cable_name =~ "Digilent Zybo Z7 210351AB7374A"} -index 0
dow C:/Users/Thomas/Desktop/Zybo-Z7-10-HDMI-2018.2-2/vivado_proj/zybo-z7-10-hdmi.sdk/Zybo-Z7-10-HDMI/Debug/Zybo-Z7-10-HDMI.elf
configparams force-mem-access 0
----------------End of Script----------------

17:24:04 INFO  : Memory regions updated for context APU
17:24:04 INFO  : Context for processor 'ps7_cortexa9_0' is selected.
17:24:04 INFO  : 'con' command is executed.
17:24:04 INFO  : ----------------XSDB Script (After Launch)----------------
targets -set -nocase -filter {name =~ "ARM*#0" && jtag_cable_name =~ "Digilent Zybo Z7 210351AB7374A"} -index 0
con
----------------End of Script----------------

17:24:04 INFO  : Launch script is exported to file 'C:\Users\Thomas\Desktop\Zybo-Z7-10-HDMI-2018.2-2\vivado_proj\zybo-z7-10-hdmi.sdk\.sdk\launch_scripts\xilinx_c-c++_application_(system_debugger)\system_debugger_using_debug_zybo-z7-10-hdmi.elf_on_local.tcl'
17:24:49 INFO  : Connected to target on host '127.0.0.1' and port '3121'.
17:24:49 INFO  : 'targets -set -filter {jtag_cable_name =~ "Digilent Zybo Z7 210351AB7374A" && level==0} -index 1' command is executed.
17:24:51 INFO  : FPGA configured successfully with bitstream "C:/Users/Thomas/Desktop/Zybo-Z7-10-HDMI-2018.2-2/vivado_proj/zybo-z7-10-hdmi.sdk/design_1_wrapper_hw_platform_0/design_1_wrapper.bit"
17:25:01 INFO  : Disconnected from the channel tcfchan#4.
17:25:02 INFO  : 'targets -set -filter {jtag_cable_name =~ "Digilent Zybo Z7 210351AB7374A" && level==0} -index 1' command is executed.
17:25:02 INFO  : 'fpga -state' command is executed.
17:25:02 INFO  : Connected to target on host '127.0.0.1' and port '3121'.
17:25:02 INFO  : Jtag cable 'Digilent Zybo Z7 210351AB7374A' is selected.
17:25:02 INFO  : 'jtag frequency' command is executed.
17:25:02 INFO  : Sourcing of 'C:/Users/Thomas/Desktop/Zybo-Z7-10-HDMI-2018.2-2/vivado_proj/zybo-z7-10-hdmi.sdk/design_1_wrapper_hw_platform_0/ps7_init.tcl' is done.
17:25:02 INFO  : Context for 'APU' is selected.
17:25:05 INFO  : Hardware design information is loaded from 'C:/Users/Thomas/Desktop/Zybo-Z7-10-HDMI-2018.2-2/vivado_proj/zybo-z7-10-hdmi.sdk/design_1_wrapper_hw_platform_0/system.hdf'.
17:25:05 INFO  : 'configparams force-mem-access 1' command is executed.
17:25:05 INFO  : Context for 'APU' is selected.
17:25:05 INFO  : 'stop' command is executed.
17:25:05 INFO  : 'ps7_init' command is executed.
17:25:05 INFO  : 'ps7_post_config' command is executed.
17:25:05 INFO  : Context for processor 'ps7_cortexa9_0' is selected.
17:25:05 INFO  : Processor reset is completed for 'ps7_cortexa9_0'.
17:25:05 INFO  : Context for processor 'ps7_cortexa9_0' is selected.
17:25:06 INFO  : The application 'C:/Users/Thomas/Desktop/Zybo-Z7-10-HDMI-2018.2-2/vivado_proj/zybo-z7-10-hdmi.sdk/Zybo-Z7-10-HDMI/Debug/Zybo-Z7-10-HDMI.elf' is downloaded to processor 'ps7_cortexa9_0'.
17:25:06 INFO  : 'configparams force-mem-access 0' command is executed.
17:25:06 INFO  : ----------------XSDB Script----------------
connect -url tcp:127.0.0.1:3121
source C:/Users/Thomas/Desktop/Zybo-Z7-10-HDMI-2018.2-2/vivado_proj/zybo-z7-10-hdmi.sdk/design_1_wrapper_hw_platform_0/ps7_init.tcl
targets -set -nocase -filter {name =~"APU*" && jtag_cable_name =~ "Digilent Zybo Z7 210351AB7374A"} -index 0
loadhw -hw C:/Users/Thomas/Desktop/Zybo-Z7-10-HDMI-2018.2-2/vivado_proj/zybo-z7-10-hdmi.sdk/design_1_wrapper_hw_platform_0/system.hdf -mem-ranges [list {0x40000000 0xbfffffff}]
configparams force-mem-access 1
targets -set -nocase -filter {name =~"APU*" && jtag_cable_name =~ "Digilent Zybo Z7 210351AB7374A"} -index 0
stop
ps7_init
ps7_post_config
targets -set -nocase -filter {name =~ "ARM*#0" && jtag_cable_name =~ "Digilent Zybo Z7 210351AB7374A"} -index 0
rst -processor
targets -set -nocase -filter {name =~ "ARM*#0" && jtag_cable_name =~ "Digilent Zybo Z7 210351AB7374A"} -index 0
dow C:/Users/Thomas/Desktop/Zybo-Z7-10-HDMI-2018.2-2/vivado_proj/zybo-z7-10-hdmi.sdk/Zybo-Z7-10-HDMI/Debug/Zybo-Z7-10-HDMI.elf
configparams force-mem-access 0
----------------End of Script----------------

17:25:06 INFO  : Memory regions updated for context APU
17:25:06 INFO  : Context for processor 'ps7_cortexa9_0' is selected.
17:25:06 INFO  : 'con' command is executed.
17:25:06 INFO  : ----------------XSDB Script (After Launch)----------------
targets -set -nocase -filter {name =~ "ARM*#0" && jtag_cable_name =~ "Digilent Zybo Z7 210351AB7374A"} -index 0
con
----------------End of Script----------------

17:25:06 INFO  : Launch script is exported to file 'C:\Users\Thomas\Desktop\Zybo-Z7-10-HDMI-2018.2-2\vivado_proj\zybo-z7-10-hdmi.sdk\.sdk\launch_scripts\xilinx_c-c++_application_(system_debugger)\system_debugger_using_debug_zybo-z7-10-hdmi.elf_on_local.tcl'
17:29:50 INFO  : Disconnected from the channel tcfchan#5.
13:43:59 INFO  : Launching XSCT server: xsct.bat -interactive C:\Users\Thomas\Desktop\Zybo-Z7-10-HDMI-2018.2-2\vivado_proj\zybo-z7-10-hdmi.sdk\temp_xsdb_launch_script.tcl
13:44:02 INFO  : XSCT server has started successfully.
13:44:06 INFO  : Successfully done setting XSCT server connection channel  
13:44:06 INFO  : Successfully done setting SDK workspace  
13:44:13 INFO  : Registering command handlers for SDK TCF services
13:44:13 INFO  : Processing command line option -hwspec C:/Users/Thomas/Desktop/Zybo-Z7-10-HDMI-2018.2-2/vivado_proj/zybo-z7-10-hdmi.sdk/design_1_wrapper.hdf.
13:44:14 INFO  : Checking for hwspec changes in the project design_1_wrapper_hw_platform_0.
